[debug] [2024-08-20T18:07:10.883Z] ----------------------------------------------------------------------
[debug] [2024-08-20T18:07:10.886Z] Command:       C:\Program Files\nodejs\node.exe C:\Users\Mani Bhushan\AppData\Roaming\npm\node_modules\firebase-tools\lib\bin\firebase.js init
[debug] [2024-08-20T18:07:10.886Z] CLI Version:   13.15.1
[debug] [2024-08-20T18:07:10.886Z] Platform:      win32
[debug] [2024-08-20T18:07:10.886Z] Node Version:  v21.6.2
[debug] [2024-08-20T18:07:10.886Z] Time:          Tue Aug 20 2024 23:37:10 GMT+0530 (India Standard Time)
[debug] [2024-08-20T18:07:10.887Z] ----------------------------------------------------------------------
[debug] 
[debug] [2024-08-20T18:07:10.959Z] > command requires scopes: ["email","openid","https://www.googleapis.com/auth/cloudplatformprojects.readonly","https://www.googleapis.com/auth/firebase","https://www.googleapis.com/auth/cloud-platform"]
[debug] [2024-08-20T18:07:10.959Z] > authorizing via signed-in user (lakshyaraj8268@gmail.com)
[info] 
     ######## #### ########  ######## ########     ###     ######  ########
     ##        ##  ##     ## ##       ##     ##  ##   ##  ##       ##
     ######    ##  ########  ######   ########  #########  ######  ######
     ##        ##  ##    ##  ##       ##     ## ##     ##       ## ##
     ##       #### ##     ## ######## ########  ##     ##  ######  ########

You're about to initialize a Firebase project in this directory:

  C:\Users\Mani Bhushan\Downloads\gmailclone-main\gmailclone-main

Before we get started, keep in mind:

  * You are initializing within an existing Firebase project directory

[info] 
=== Project Setup
[info] 
[info] First, let's associate this project directory with a Firebase project.
[info] You can create multiple project aliases by running firebase use --add, 
[info] but for now we'll just set up a default project.
[info] 
[debug] [2024-08-20T18:09:06.055Z] Using project from CLI flag: clone-6dd4f
[debug] [2024-08-20T18:09:06.058Z] >>> [apiv2][query] GET https://firebase.googleapis.com/v1beta1/projects/clone-6dd4f [none]
[debug] [2024-08-20T18:09:06.868Z] <<< [apiv2][status] GET https://firebase.googleapis.com/v1beta1/projects/clone-6dd4f 403
[debug] [2024-08-20T18:09:06.869Z] <<< [apiv2][body] GET https://firebase.googleapis.com/v1beta1/projects/clone-6dd4f {"error":{"code":403,"message":"The caller does not have permission","status":"PERMISSION_DENIED"}}
[debug] [2024-08-20T18:09:06.869Z] HTTP Error: 403, The caller does not have permission
[debug] [2024-08-20T18:09:07.258Z] FirebaseError: HTTP Error: 403, The caller does not have permission
    at responseToError (C:\Users\Mani Bhushan\AppData\Roaming\npm\node_modules\firebase-tools\lib\responseToError.js:49:12)
    at RetryOperation._fn (C:\Users\Mani Bhushan\AppData\Roaming\npm\node_modules\firebase-tools\lib\apiv2.js:305:77)
    at process.processTicksAndRejections (node:internal/process/task_queues:95:5)
[error] 
[error] Error: Failed to get Firebase project clone-6dd4f. Please make sure the project exists and your account has permission to access it.
